Mon Dec 04 16:49:12 IST 2017 : Apache Derby Network Server - 10.10.1.3 - (1557168) started and ready to accept connections on port 1527
----------------------------------------------------------------
Mon Dec 04 16:49:13 IST 2017:
Booting Derby version The Apache Software Foundation - Apache Derby - 10.10.1.3 - (1557168): instance a816c00e-0160-2140-5599-0000009384e0 
on database directory D:\NetBeansProjects\Leeman\hidefDB with class loader sun.misc.Launcher$AppClassLoader@1dc4ec2 
Loaded from file:/D:/NetBeansProjects/Leeman/lib/derby.jar
java.vendor=Oracle Corporation
java.runtime.version=1.8.0_20-b26
user.dir=D:\NetBeansProjects\Leeman
os.name=Windows 7
os.arch=x86
os.version=6.1
derby.system.home=null
Database Class Loader started - derby.database.classpath=''
Mon Dec 04 16:49:22 IST 2017 : Could not listen on port 1527 on host localhost:
 java.net.BindException: Address already in use: JVM_Bind
An exception was thrown during network server startup. DRDA_ListenPort.S:Could not listen on port 1527 on host localhost:
 java.net.BindException: Address already in use: JVM_Bind
java.lang.reflect.InvocationTargetException
	at sun.reflect.NativeMethodAccessorImpl.invoke0(Native Method)
	at sun.reflect.NativeMethodAccessorImpl.invoke(NativeMethodAccessorImpl.java:62)
	at sun.reflect.DelegatingMethodAccessorImpl.invoke(DelegatingMethodAccessorImpl.java:43)
	at java.lang.reflect.Method.invoke(Method.java:483)
	at org.apache.derby.iapi.jdbc.DRDAServerStarter.run(Unknown Source)
	at java.lang.Thread.run(Thread.java:745)
Caused by: java.lang.Exception: DRDA_ListenPort.S:Could not listen on port 1527 on host localhost:
 java.net.BindException: Address already in use: JVM_Bind
	at org.apache.derby.impl.drda.NetworkServerControlImpl.consolePropertyMessageWork(Unknown Source)
	at org.apache.derby.impl.drda.NetworkServerControlImpl.consolePropertyMessage(Unknown Source)
	at org.apache.derby.impl.drda.NetworkServerControlImpl.blockingStart(Unknown Source)
	... 6 more
